<?xml version="1.0" encoding="UTF-8"?>
<!-- Generated by org.testng.reporters.JUnitReportReporter -->
<testsuite skipped="0" hostname="Adithya" name="Script.Filter" tests="1" failures="0" timestamp="03 Oct 2018 07:17:27 GMT" time="80.779" errors="0">
  <testcase name="filter" time="80.779" classname="Script.Filter"/>
</testsuite> <!-- Script.Filter -->
