<?xml version="1.0" encoding="UTF-8"?>
<!-- Generated by org.testng.reporters.JUnitReportReporter -->
<testsuite skipped="0" hostname="Adithya" name="Script.Validlogin" tests="1" failures="0" timestamp="03 Oct 2018 07:17:27 GMT" time="45.674" errors="0">
  <testcase name="validlogin" time="45.674" classname="Script.Validlogin"/>
</testsuite> <!-- Script.Validlogin -->
