<?xml version="1.0" encoding="UTF-8"?>
<!-- Generated by org.testng.reporters.JUnitReportReporter -->
<testsuite skipped="0" hostname="Adithya" name="Script.Mensmenu" tests="1" failures="0" timestamp="03 Oct 2018 07:17:27 GMT" time="64.448" errors="0">
  <testcase name="mensmenu" time="64.448" classname="Script.Mensmenu"/>
</testsuite> <!-- Script.Mensmenu -->
