<?xml version="1.0" encoding="UTF-8"?>
<!-- Generated by org.testng.reporters.JUnitReportReporter -->
<testsuite skipped="0" hostname="Adithya" name="Script.Trackorder" tests="1" failures="0" timestamp="03 Oct 2018 07:17:27 GMT" time="61.201" errors="0">
  <testcase name="trackorder" time="61.201" classname="Script.Trackorder"/>
</testsuite> <!-- Script.Trackorder -->
