<?xml version="1.0" encoding="UTF-8"?>
<!-- Generated by org.testng.reporters.JUnitReportReporter -->
<testsuite skipped="0" hostname="Adithya" name="Script.Wishlist" tests="1" failures="0" timestamp="03 Oct 2018 07:17:27 GMT" time="48.932" errors="0">
  <testcase name="wishlist" time="48.932" classname="Script.Wishlist"/>
</testsuite> <!-- Script.Wishlist -->
