<?xml version="1.0" encoding="UTF-8"?>
<!-- Generated by org.testng.reporters.JUnitReportReporter -->
<testsuite skipped="0" hostname="Adithya" name="Script.Forgotten" tests="1" failures="0" timestamp="03 Oct 2018 07:17:27 GMT" time="55.177" errors="0">
  <testcase name="forgotten" time="55.177" classname="Script.Forgotten"/>
</testsuite> <!-- Script.Forgotten -->
